<testExecutions version="1">
  <file path="src/app/dashboard/components/mars-rover.component.spec.ts">
    <testCase name="MarsRoverComponent should create" duration="212">
      <failure message="Error">NullInjectorError: R3InjectorError(DynamicTestModule)[FormBuilder -&gt; FormBuilder]: 
  NullInjectorError: No provider for FormBuilder!
error properties: Object({ ngTempTokenPath: null, ngTokenPath: [ 'FormBuilder', 'FormBuilder' ] })
NullInjectorError: R3InjectorError(DynamicTestModule)[FormBuilder -&gt; FormBuilder]: 
  NullInjectorError: No provider for FormBuilder!
    at NullInjector.get (node_modules/@angular/core/__ivy_ngcc__/fesm2015/core.js:11108:1)
    at R3Injector.get (node_modules/@angular/core/__ivy_ngcc__/fesm2015/core.js:11275:1)
    at R3Injector.get (node_modules/@angular/core/__ivy_ngcc__/fesm2015/core.js:11275:1)
    at NgModuleRef$1.get (node_modules/@angular/core/__ivy_ngcc__/fesm2015/core.js:25340:1)
    at Object.get (node_modules/@angular/core/__ivy_ngcc__/fesm2015/core.js:25054:1)
    at lookupTokenUsingModuleInjector (node_modules/@angular/core/__ivy_ngcc__/fesm2015/core.js:3342:1)
    at getOrCreateInjectable (node_modules/@angular/core/__ivy_ngcc__/fesm2015/core.js:3454:1)
    at ɵɵdirectiveInject (node_modules/@angular/core/__ivy_ngcc__/fesm2015/core.js:14744:1)
    at NodeInjectorFactory.MarsRoverComponent_Factory [as factory] (ng:///MarsRoverComponent/ɵfac.js:4:46)
    at getNodeInjectable (node_modules/@angular/core/__ivy_ngcc__/fesm2015/core.js:3549:1)

Error: Expected undefined to be truthy.
    at &lt;Jasmine&gt;
    at UserContext.&lt;anonymous&gt; (src/app/dashboard/components/mars-rover.component.spec.ts:23:23)
    at ZoneDelegate.invoke (node_modules/zone.js/fesm2015/zone.js:372:1)
    at ProxyZoneSpec.onInvoke (node_modules/zone.js/fesm2015/zone-testing.js:287:1)
</failure>
    </testCase>
  </file>
  <file path="src/app/app.component.spec.ts">
    <testCase name="AppComponent should create the app" duration="12"/>
    <testCase name="AppComponent should have as title 'MarsRoverProblem'" duration="5"/>
    <testCase name="AppComponent should render title" duration="4">
      <failure message="Error">Error: Expected undefined to contain 'MarsRoverProblem app is running!'.
    at &lt;Jasmine&gt;
    at UserContext.&lt;anonymous&gt; (src/app/app.component.spec.ts:33:66)
    at ZoneDelegate.invoke (node_modules/zone.js/fesm2015/zone.js:372:1)
    at ProxyZoneSpec.onInvoke (node_modules/zone.js/fesm2015/zone-testing.js:287:1)
</failure>
    </testCase>
  </file>
</testExecutions>